<?xml version="1.0" encoding="UTF-8"?>
<!-- Generated by org.testng.reporters.JUnitReportReporter -->
<testsuite hostname="LAPTOP-5I2GVJMA" failures="0" tests="1" name="DriverActions.LaunchBrowser" time="3.981" errors="0" timestamp="2024-08-17T14:40:04 IST" skipped="0">
  <testcase classname="DriverActions.LaunchBrowser" name="BrowserActions" time="3.981"/>
  <system-out/>
</testsuite> <!-- DriverActions.LaunchBrowser -->
